<?xml version="1.0" encoding="UTF-8"?>
<coverage generated="1760682321154" clover="3.2.0">
  <project timestamp="1760682321154" name="All files">
    <metrics statements="23" coveredstatements="13" conditionals="18" coveredconditionals="11" methods="6" coveredmethods="2" elements="47" coveredelements="26" complexity="0" loc="23" ncloc="23" packages="4" files="7" classes="7"/>
    <package name="layout">
      <metrics statements="8" coveredstatements="0" conditionals="2" coveredconditionals="0" methods="3" coveredmethods="0"/>
      <file name="ProtectedLayout.tsx" path="/Users/kyra/Documents/Class/WPH/Batch 3/react-class/src/components/layout/ProtectedLayout.tsx">
        <metrics statements="6" coveredstatements="0" conditionals="2" coveredconditionals="0" methods="2" coveredmethods="0"/>
        <line num="4" count="0" type="stmt"/>
        <line num="5" count="0" type="stmt"/>
        <line num="7" count="0" type="stmt"/>
        <line num="8" count="0" type="cond" truecount="0" falsecount="2"/>
        <line num="9" count="0" type="stmt"/>
        <line num="13" count="0" type="stmt"/>
      </file>
      <file name="PublicLayout.tsx" path="/Users/kyra/Documents/Class/WPH/Batch 3/react-class/src/components/layout/PublicLayout.tsx">
        <metrics statements="2" coveredstatements="0" conditionals="0" coveredconditionals="0" methods="1" coveredmethods="0"/>
        <line num="4" count="0" type="stmt"/>
        <line num="5" count="0" type="stmt"/>
      </file>
    </package>
    <package name="pages.about">
      <metrics statements="2" coveredstatements="0" conditionals="0" coveredconditionals="0" methods="1" coveredmethods="0"/>
      <file name="About.tsx" path="/Users/kyra/Documents/Class/WPH/Batch 3/react-class/src/components/pages/about/About.tsx">
        <metrics statements="2" coveredstatements="0" conditionals="0" coveredconditionals="0" methods="1" coveredmethods="0"/>
        <line num="1" count="0" type="stmt"/>
        <line num="2" count="0" type="stmt"/>
      </file>
    </package>
    <package name="ui.Button">
      <metrics statements="8" coveredstatements="8" conditionals="16" coveredconditionals="11" methods="1" coveredmethods="1"/>
      <file name="Button.tsx" path="/Users/kyra/Documents/Class/WPH/Batch 3/react-class/src/components/ui/Button/Button.tsx">
        <metrics statements="6" coveredstatements="6" conditionals="16" coveredconditionals="11" methods="1" coveredmethods="1"/>
        <line num="5" count="1" type="stmt"/>
        <line num="7" count="1" type="stmt"/>
        <line num="13" count="1" type="stmt"/>
        <line num="21" count="1" type="stmt"/>
        <line num="35" count="1" type="stmt"/>
        <line num="85" count="1" type="stmt"/>
      </file>
      <file name="index.tsx" path="/Users/kyra/Documents/Class/WPH/Batch 3/react-class/src/components/ui/Button/index.tsx">
        <metrics statements="2" coveredstatements="2" conditionals="0" coveredconditionals="0" methods="0" coveredmethods="0"/>
        <line num="1" count="1" type="stmt"/>
        <line num="3" count="1" type="stmt"/>
      </file>
    </package>
    <package name="ui.Input">
      <metrics statements="5" coveredstatements="5" conditionals="0" coveredconditionals="0" methods="1" coveredmethods="1"/>
      <file name="Input.tsx" path="/Users/kyra/Documents/Class/WPH/Batch 3/react-class/src/components/ui/Input/Input.tsx">
        <metrics statements="3" coveredstatements="3" conditionals="0" coveredconditionals="0" methods="1" coveredmethods="1"/>
        <line num="4" count="1" type="stmt"/>
        <line num="5" count="1" type="stmt"/>
        <line num="8" count="1" type="stmt"/>
      </file>
      <file name="index.tsx" path="/Users/kyra/Documents/Class/WPH/Batch 3/react-class/src/components/ui/Input/index.tsx">
        <metrics statements="2" coveredstatements="2" conditionals="0" coveredconditionals="0" methods="0" coveredmethods="0"/>
        <line num="1" count="1" type="stmt"/>
        <line num="3" count="1" type="stmt"/>
      </file>
    </package>
  </project>
</coverage>
