{"/Users/kyra/Documents/Class/WPH/Batch 3/react-class/src/components/layout/ProtectedLayout.tsx": {"path":"/Users/kyra/Documents/Class/WPH/Batch 3/react-class/src/components/layout/ProtectedLayout.tsx","statementMap":{"0":{"start":{"line":4,"column":34},"end":{"line":18,"column":1}},"1":{"start":{"line":5,"column":2},"end":{"line":11,"column":9}},"2":{"start":{"line":7,"column":18},"end":{"line":7,"column":47}},"3":{"start":{"line":8,"column":4},"end":{"line":10,"column":5}},"4":{"start":{"line":9,"column":6},"end":{"line":9,"column":37}},"5":{"start":{"line":13,"column":2},"end":{"line":17,"column":4}}},"fnMap":{"0":{"name":"(anonymous_0)","decl":{"start":{"line":4,"column":34},"end":{"line":4,"column":37}},"loc":{"start":{"line":4,"column":39},"end":{"line":18,"column":1}}},"1":{"name":"(anonymous_1)","decl":{"start":{"line":5,"column":12},"end":{"line":5,"column":15}},"loc":{"start":{"line":5,"column":17},"end":{"line":11,"column":3}}}},"branchMap":{"0":{"loc":{"start":{"line":8,"column":4},"end":{"line":10,"column":5}},"type":"if","locations":[{"start":{"line":8,"column":4},"end":{"line":10,"column":5}},{"start":{},"end":{}}]}},"s":{"0":0,"1":0,"2":0,"3":0,"4":0,"5":0},"f":{"0":0,"1":0},"b":{"0":[0,0]}}
,"/Users/kyra/Documents/Class/WPH/Batch 3/react-class/src/components/layout/PublicLayout.tsx": {"path":"/Users/kyra/Documents/Class/WPH/Batch 3/react-class/src/components/layout/PublicLayout.tsx","statementMap":{"0":{"start":{"line":4,"column":31},"end":{"line":10,"column":1}},"1":{"start":{"line":5,"column":2},"end":{"line":9,"column":4}}},"fnMap":{"0":{"name":"(anonymous_0)","decl":{"start":{"line":4,"column":31},"end":{"line":4,"column":34}},"loc":{"start":{"line":4,"column":36},"end":{"line":10,"column":1}}}},"branchMap":{},"s":{"0":0,"1":0},"f":{"0":0},"b":{}}
,"/Users/kyra/Documents/Class/WPH/Batch 3/react-class/src/components/pages/about/About.tsx": {"path":"/Users/kyra/Documents/Class/WPH/Batch 3/react-class/src/components/pages/about/About.tsx","statementMap":{"0":{"start":{"line":1,"column":14},"end":{"line":3,"column":1}},"1":{"start":{"line":2,"column":2},"end":{"line":2,"column":26}}},"fnMap":{"0":{"name":"(anonymous_0)","decl":{"start":{"line":1,"column":14},"end":{"line":1,"column":17}},"loc":{"start":{"line":1,"column":19},"end":{"line":3,"column":1}}}},"branchMap":{},"s":{"0":0,"1":0},"f":{"0":0},"b":{}}
,"/Users/kyra/Documents/Class/WPH/Batch 3/react-class/src/components/ui/Button/Button.tsx": {"path":"/Users/kyra/Documents/Class/WPH/Batch 3/react-class/src/components/ui/Button/Button.tsx","statementMap":{"0":{"start":{"line":5,"column":2},"end":{"line":5,"column":203}},"1":{"start":{"line":7,"column":14},"end":{"line":11,"column":2}},"2":{"start":{"line":13,"column":17},"end":{"line":19,"column":2}},"3":{"start":{"line":21,"column":38},"end":{"line":83,"column":1}},"4":{"start":{"line":35,"column":2},"end":{"line":82,"column":4}},"5":{"start":{"line":85,"column":0},"end":{"line":85,"column":22}}},"fnMap":{"0":{"name":"(anonymous_0)","decl":{"start":{"line":21,"column":38},"end":{"line":21,"column":39}},"loc":{"start":{"line":34,"column":5},"end":{"line":83,"column":1}}}},"branchMap":{"0":{"loc":{"start":{"line":23,"column":2},"end":{"line":23,"column":21}},"type":"default-arg","locations":[{"start":{"line":23,"column":12},"end":{"line":23,"column":21}}]},"1":{"loc":{"start":{"line":24,"column":2},"end":{"line":24,"column":13}},"type":"default-arg","locations":[{"start":{"line":24,"column":9},"end":{"line":24,"column":13}}]},"2":{"loc":{"start":{"line":25,"column":2},"end":{"line":25,"column":19}},"type":"default-arg","locations":[{"start":{"line":25,"column":14},"end":{"line":25,"column":19}}]},"3":{"loc":{"start":{"line":26,"column":2},"end":{"line":26,"column":17}},"type":"default-arg","locations":[{"start":{"line":26,"column":12},"end":{"line":26,"column":17}}]},"4":{"loc":{"start":{"line":27,"column":2},"end":{"line":27,"column":18}},"type":"default-arg","locations":[{"start":{"line":27,"column":13},"end":{"line":27,"column":18}}]},"5":{"loc":{"start":{"line":28,"column":2},"end":{"line":28,"column":17}},"type":"default-arg","locations":[{"start":{"line":28,"column":9},"end":{"line":28,"column":17}}]},"6":{"loc":{"start":{"line":38,"column":15},"end":{"line":38,"column":45}},"type":"cond-expr","locations":[{"start":{"line":38,"column":26},"end":{"line":38,"column":35}},{"start":{"line":38,"column":38},"end":{"line":38,"column":45}}]},"7":{"loc":{"start":{"line":42,"column":8},"end":{"line":42,"column":null}},"type":"cond-expr","locations":[{"start":{"line":42,"column":20},"end":{"line":42,"column":28}},{"start":{"line":42,"column":31},"end":{"line":42,"column":null}}]},"8":{"loc":{"start":{"line":46,"column":7},"end":{"line":47,"column":null}},"type":"binary-expr","locations":[{"start":{"line":46,"column":7},"end":{"line":46,"column":15}},{"start":{"line":47,"column":8},"end":{"line":47,"column":72}}]},"9":{"loc":{"start":{"line":50,"column":7},"end":{"line":75,"column":null}},"type":"cond-expr","locations":[{"start":{"line":51,"column":8},"end":{"line":70,"column":null}},{"start":{"line":73,"column":8},"end":{"line":74,"column":null}}]},"10":{"loc":{"start":{"line":78,"column":7},"end":{"line":79,"column":null}},"type":"binary-expr","locations":[{"start":{"line":78,"column":7},"end":{"line":78,"column":16}},{"start":{"line":79,"column":8},"end":{"line":79,"column":73}}]}},"s":{"0":1,"1":1,"2":1,"3":1,"4":1,"5":1},"f":{"0":1},"b":{"0":[1],"1":[1],"2":[1],"3":[1],"4":[1],"5":[1],"6":[0,1],"7":[0,1],"8":[1,0],"9":[0,1],"10":[1,0]}}
,"/Users/kyra/Documents/Class/WPH/Batch 3/react-class/src/components/ui/Button/index.tsx": {"path":"/Users/kyra/Documents/Class/WPH/Batch 3/react-class/src/components/ui/Button/index.tsx","statementMap":{"0":{"start":{"line":1,"column":0},"end":{"line":1,"column":30}},"1":{"start":{"line":3,"column":0},"end":{"line":3,"column":22}}},"fnMap":{},"branchMap":{},"s":{"0":1,"1":1},"f":{},"b":{}}
,"/Users/kyra/Documents/Class/WPH/Batch 3/react-class/src/components/ui/Input/Input.tsx": {"path":"/Users/kyra/Documents/Class/WPH/Batch 3/react-class/src/components/ui/Input/Input.tsx","statementMap":{"0":{"start":{"line":4,"column":36},"end":{"line":6,"column":1}},"1":{"start":{"line":5,"column":2},"end":{"line":5,"column":30}},"2":{"start":{"line":8,"column":0},"end":{"line":8,"column":21}}},"fnMap":{"0":{"name":"(anonymous_0)","decl":{"start":{"line":4,"column":36},"end":{"line":4,"column":37}},"loc":{"start":{"line":4,"column":46},"end":{"line":6,"column":1}}}},"branchMap":{},"s":{"0":1,"1":1,"2":1},"f":{"0":1},"b":{}}
,"/Users/kyra/Documents/Class/WPH/Batch 3/react-class/src/components/ui/Input/index.tsx": {"path":"/Users/kyra/Documents/Class/WPH/Batch 3/react-class/src/components/ui/Input/index.tsx","statementMap":{"0":{"start":{"line":1,"column":0},"end":{"line":1,"column":28}},"1":{"start":{"line":3,"column":0},"end":{"line":3,"column":21}}},"fnMap":{},"branchMap":{},"s":{"0":1,"1":1},"f":{},"b":{}}
}
