TN:
SF:src/components/layout/ProtectedLayout.tsx
FN:4,(anonymous_0)
FN:5,(anonymous_1)
FNF:2
FNH:0
FNDA:0,(anonymous_0)
FNDA:0,(anonymous_1)
DA:4,0
DA:5,0
DA:7,0
DA:8,0
DA:9,0
DA:13,0
LF:6
LH:0
BRDA:8,0,0,0
BRDA:8,0,1,0
BRF:2
BRH:0
end_of_record
TN:
SF:src/components/layout/PublicLayout.tsx
FN:4,(anonymous_0)
FNF:1
FNH:0
FNDA:0,(anonymous_0)
DA:4,0
DA:5,0
LF:2
LH:0
BRF:0
BRH:0
end_of_record
TN:
SF:src/components/pages/about/About.tsx
FN:1,(anonymous_0)
FNF:1
FNH:0
FNDA:0,(anonymous_0)
DA:1,0
DA:2,0
LF:2
LH:0
BRF:0
BRH:0
end_of_record
TN:
SF:src/components/ui/Button/Button.tsx
FN:21,(anonymous_0)
FNF:1
FNH:1
FNDA:1,(anonymous_0)
DA:5,1
DA:7,1
DA:13,1
DA:21,1
DA:35,1
DA:85,1
LF:6
LH:6
BRDA:23,0,0,1
BRDA:24,1,0,1
BRDA:25,2,0,1
BRDA:26,3,0,1
BRDA:27,4,0,1
BRDA:28,5,0,1
BRDA:38,6,0,0
BRDA:38,6,1,1
BRDA:42,7,0,0
BRDA:42,7,1,1
BRDA:46,8,0,1
BRDA:46,8,1,0
BRDA:50,9,0,0
BRDA:50,9,1,1
BRDA:78,10,0,1
BRDA:78,10,1,0
BRF:16
BRH:11
end_of_record
TN:
SF:src/components/ui/Button/index.tsx
FNF:0
FNH:0
DA:1,1
DA:3,1
LF:2
LH:2
BRF:0
BRH:0
end_of_record
TN:
SF:src/components/ui/Input/Input.tsx
FN:4,(anonymous_0)
FNF:1
FNH:1
FNDA:1,(anonymous_0)
DA:4,1
DA:5,1
DA:8,1
LF:3
LH:3
BRF:0
BRH:0
end_of_record
TN:
SF:src/components/ui/Input/index.tsx
FNF:0
FNH:0
DA:1,1
DA:3,1
LF:2
LH:2
BRF:0
BRH:0
end_of_record
